
<!DOCTYPE html>
<html style="display: inline-grid;">
<head>
	<meta charset="UTF-8">
	<meta name="viewport" content="width=device-width, initial-scale=1.0">
	<title>Godot Logging</title>
	<link rel="stylesheet" href="css/styles.css">
</head>

<body style="background-color: #eee;">
	<div class="godot-report-frame"">
<pre>Godot Engine v4.3.stable.official.77dcf97d8 - https://godotengine.org
Vulkan 1.3.280 - Forward+ - Using Device #0: NVIDIA - NVIDIA GeForce GTX 1660 SUPER
Requested V-Sync mode: Enabled - FPS will likely be capped to the monitor refresh rate.
USER WARNING: The Multi-Threaded rendering thread model is experimental. Feel free to try it since it will eventually become a stable feature.
However, bear in mind that at the moment it can lead to project crashes or instability.
So, unless you want to test the engine, use the Single-Safe option in the project settings instead.
   at: setup2 (main/main.cpp:2795)

ERROR: 'The function parameter "char" has the same name as a built-in function.'
ERROR: 'Standalone expression (the line may have no effect).'
ERROR: 'Standalone expression (the line may have no effect).'
ERROR: 'The parameter "spawn" is never used in the function "calculate_map_spawn()". If this is intended, prefix it with an underscore: "_spawn".'
ERROR: 'The local variable "activeCharacter" is declared but never used in the block. If this is intended, prefix it with an underscore: "_activeCharacter".'
ERROR: 'Integer used when an enum value is expected. If this is intended cast the integer to the enum type.'
ERROR: 'The local function parameter "music" is shadowing an already-declared variable at line 3.'
ERROR: 'The local variable "music" is shadowing an already-declared variable at line 3.'

--------------------------------------------------------------------------------------------------
GdUnit4 Comandline Tool
--------------------------------------------------------------------------------------------------

Scanning for test suites in: C:/Games/Godot/Workspace/Project_FETEn/Tests
ERROR: 'The variable "range" has the same name as a built-in function.'
ERROR: 'The parameter "camera" is never used in the function "_on_input_event()". If this is intended, prefix it with an underscore: "_camera".'
ERROR: 'The parameter "position" is never used in the function "_on_input_event()". If this is intended, prefix it with an underscore: "_position".'
ERROR: 'The local function parameter "position" is shadowing an already-declared property at the base class "Node3D".'
ERROR: 'The parameter "normal" is never used in the function "_on_input_event()". If this is intended, prefix it with an underscore: "_normal".'
ERROR: 'The parameter "shape_idx" is never used in the function "_on_input_event()". If this is intended, prefix it with an underscore: "_shape_idx".'
ERROR: 'The parameter "area" is never used in the function "_on_hit_detection_area_entered()". If this is intended, prefix it with an underscore: "_area".'
ERROR: 'The parameter "camera" is never used in the function "_on_input_event()". If this is intended, prefix it with an underscore: "_camera".'
ERROR: 'The parameter "position" is never used in the function "_on_input_event()". If this is intended, prefix it with an underscore: "_position".'
ERROR: 'The local function parameter "position" is shadowing an already-declared property at the base class "Node3D".'
ERROR: 'The parameter "normal" is never used in the function "_on_input_event()". If this is intended, prefix it with an underscore: "_normal".'
ERROR: 'The parameter "shape_idx" is never used in the function "_on_input_event()". If this is intended, prefix it with an underscore: "_shape_idx".'
ERROR: 'The local variable "sprite_path" is declared but never used in the block. If this is intended, prefix it with an underscore: "_sprite_path".'
ERROR: 'The constant "SkillFactory" has the same name as a global class defined in "skillFactory.gd".'
ERROR: 'The constant "MapTileFactory" has the same name as a global class defined in "mapTileFactory.gd".'
ERROR: 'The constant "CharacterFactory" has the same name as a global class defined in "characterFactory.gd".'
ERROR: 'The local variable "orc" is declared but never used in the block. If this is intended, prefix it with an underscore: "_orc".'
ERROR: 'The local variable "orc" is declared but never used in the block. If this is intended, prefix it with an underscore: "_orc".'
ERROR: 'The local variable "orc" is declared but never used in the block. If this is intended, prefix it with an underscore: "_orc".'
ERROR: 'The local variable "orc" is declared but never used in the block. If this is intended, prefix it with an underscore: "_orc".'
ERROR: 'The parameter "dijkstra" is never used in the function "ranged_enemy_attack()". If this is intended, prefix it with an underscore: "_dijkstra".'
ERROR: 'The local variable "finalTargetCoords" is declared but never used in the block. If this is intended, prefix it with an underscore: "_finalTargetCoords".'
ERROR: 'The local constant "DIRECTIONS" is declared but never used in the block. If this is intended, prefix it with an underscore: "_DIRECTIONS".'
ERROR: 'The local variable "missingHp" is declared but never used in the block. If this is intended, prefix it with an underscore: "_missingHp".'
ERROR: 'The local variable "players" is declared but never used in the block. If this is intended, prefix it with an underscore: "_players".'
ERROR: 'The local variable "closestTarget" is declared but never used in the block. If this is intended, prefix it with an underscore: "_closestTarget".'
ERROR: 'The variable "skill" has the same name as a global class defined in "skill.gd".'
ERROR: 'The parameter "accMod" is never used in the function "predict_anchoring_strike()". If this is intended, prefix it with an underscore: "_accMod".'
ERROR: 'The parameter "critMod" is never used in the function "predict_anchoring_strike()". If this is intended, prefix it with an underscore: "_critMod".'
ERROR: 'The parameter "accMod" is never used in the function "anchoring_strike()". If this is intended, prefix it with an underscore: "_accMod".'
ERROR: 'The "for" iterator variable "char" has the same name as a built-in function.'
ERROR: 'The variable "char" has the same name as a built-in function.'
ERROR: 'The local variable "myCharacter" is declared but never used in the block. If this is intended, prefix it with an underscore: "_myCharacter".'
ERROR: 'The "for" iterator variable "skill" has the same name as a global class defined in "skill.gd".'
ERROR: 'The "for" iterator variable "char" has the same name as a built-in function.'
ERROR: 'The "for" iterator variable "char" has the same name as a built-in function.'
ERROR: 'The parameter "delta" is never used in the function "_process()". If this is intended, prefix it with an underscore: "_delta".'
ERROR: 'The parameter "character" is never used in the function "validate_move()". If this is intended, prefix it with an underscore: "_character".'
ERROR: 'The local function parameter "comPred" is shadowing an already-declared variable at line 74.'
ERROR: 'The local function parameter "comPred" is shadowing an already-declared variable at line 74.'
ERROR: 'The local variable "cover" is declared but never used in the block. If this is intended, prefix it with an underscore: "_cover".'
ERROR: 'The local variable "tile_test" is declared but never used in the block. If this is intended, prefix it with an underscore: "_tile_test".'
ERROR: 'The "for" iterator variable "skill" has the same name as a global class defined in "skill.gd".'
ERROR: 'The parameter "skillResult" is never used in the function "cast_skill()". If this is intended, prefix it with an underscore: "_skillResult".'
ERROR: 'The parameter "distance" is never used in the function "allied_skill_handler()". If this is intended, prefix it with an underscore: "_distance".'
ERROR: 'The "for" iterator variable "skill" has the same name as a global class defined in "skill.gd".'
ERROR: 'The parameter "character" is never used in the function "highlight_movement()". If this is intended, prefix it with an underscore: "_character".'
ERROR: 'Integer division, decimal part will be discarded.'
ERROR: 'The parameter "do_skip" is never used in the function "test_dumb_melee_behavior_possible_targets_isEmpty()". If this is intended, prefix it with an underscore: "_do_skip".'
ERROR: 'The parameter "skip_reason" is never used in the function "test_dumb_melee_behavior_possible_targets_isEmpty()". If this is intended, prefix it with an underscore: "_skip_reason".'
ERROR: 'The parameter "do_skip" is never used in the function "test_smart_melee_behavior_possible_targets_isEmpty()". If this is intended, prefix it with an underscore: "_do_skip".'
ERROR: 'The parameter "skip_reason" is never used in the function "test_smart_melee_behavior_possible_targets_isEmpty()". If this is intended, prefix it with an underscore: "_skip_reason".'
ERROR: 'The parameter "do_skip" is never used in the function "test_check_players_in_range_isRooted()". If this is intended, prefix it with an underscore: "_do_skip".'
ERROR: 'The parameter "skip_reason" is never used in the function "test_check_players_in_range_isRooted()". If this is intended, prefix it with an underscore: "_skip_reason".'
ERROR: 'The parameter "do_skip" is never used in the function "test_ranged_enemy_attack_best_position_already()". If this is intended, prefix it with an underscore: "_do_skip".'
ERROR: 'The parameter "skip_reason" is never used in the function "test_ranged_enemy_attack_best_position_already()". If this is intended, prefix it with an underscore: "_skip_reason".'
ERROR: 'The parameter "do_skip" is never used in the function "test_check_players_in_range_ranged_isRooted()". If this is intended, prefix it with an underscore: "_do_skip".'
ERROR: 'The parameter "skip_reason" is never used in the function "test_check_players_in_range_ranged_isRooted()". If this is intended, prefix it with an underscore: "_skip_reason".'
ERROR: 'The parameter "do_skip" is never used in the function "test_check_closest_player()". If this is intended, prefix it with an underscore: "_do_skip".'
ERROR: 'The parameter "skip_reason" is never used in the function "test_check_closest_player()". If this is intended, prefix it with an underscore: "_skip_reason".'
ERROR: 'The parameter "do_skip" is never used in the function "test_approach_enemy()". If this is intended, prefix it with an underscore: "_do_skip".'
ERROR: 'The parameter "skip_reason" is never used in the function "test_approach_enemy()". If this is intended, prefix it with an underscore: "_skip_reason".'
ERROR: 'The parameter "do_skip" is never used in the function "test_reset_to_tavern_selected_character_ally_has_not_moved()". If this is intended, prefix it with an underscore: "_do_skip".'
ERROR: 'The parameter "skip_reason" is never used in the function "test_reset_to_tavern_selected_character_ally_has_not_moved()". If this is intended, prefix it with an underscore: "_skip_reason".'
ERROR: 'The local variable "tile_right_bool" is declared but never used in the block. If this is intended, prefix it with an underscore: "_tile_right_bool".'
ERROR: 'The local variable "tile_12_cz" is declared but never used in the block. If this is intended, prefix it with an underscore: "_tile_12_cz".'
ERROR: 'The local variable "tile_12_h" is declared but never used in the block. If this is intended, prefix it with an underscore: "_tile_12_h".'
ERROR: 'The local variable "tile_right" is declared but never used in the block. If this is intended, prefix it with an underscore: "_tile_right".'
ERROR: 'The variable "char" has the same name as a built-in function.'
ERROR: 'The variable "char" has the same name as a built-in function.'
ERROR: 'The local variable "char" is declared but never used in the block. If this is intended, prefix it with an underscore: "_char".'
ERROR: 'The variable "char" has the same name as a built-in function.'
ERROR: 'The parameter "do_skip" is never used in the function "test_calc_los()". If this is intended, prefix it with an underscore: "_do_skip".'
ERROR: 'The parameter "skip_reason" is never used in the function "test_calc_los()". If this is intended, prefix it with an underscore: "_skip_reason".'
ERROR: 'The parameter "do_skip" is never used in the function "test_collision_loop_collision_full_cover()". If this is intended, prefix it with an underscore: "_do_skip".'
ERROR: 'The parameter "skip_reason" is never used in the function "test_collision_loop_collision_full_cover()". If this is intended, prefix it with an underscore: "_skip_reason".'
ERROR: 'The parameter "do_skip" is never used in the function "test_collision_loop_collision_partial_cover()". If this is intended, prefix it with an underscore: "_do_skip".'
ERROR: 'The parameter "skip_reason" is never used in the function "test_collision_loop_collision_partial_cover()". If this is intended, prefix it with an underscore: "_skip_reason".'
ERROR: 'The parameter "do_skip" is never used in the function "test_collision_loop_collision_no_cover()". If this is intended, prefix it with an underscore: "_do_skip".'
ERROR: 'The parameter "skip_reason" is never used in the function "test_collision_loop_collision_no_cover()". If this is intended, prefix it with an underscore: "_skip_reason".'
ERROR: 'The local variable "prev_coords" is declared but never used in the block. If this is intended, prefix it with an underscore: "_prev_coords".'
ERROR: 'The local variable "character" is declared but never used in the block. If this is intended, prefix it with an underscore: "_character".'
ERROR: 'The local variable "character" is declared but never used in the block. If this is intended, prefix it with an underscore: "_character".'
ERROR: 'The local variable "prev_coords" is declared but never used in the block. If this is intended, prefix it with an underscore: "_prev_coords".'
ERROR: 'The local variable "prev_coords" is declared but never used in the block. If this is intended, prefix it with an underscore: "_prev_coords".'
ERROR: 'The local variable "checker1" is declared but never used in the block. If this is intended, prefix it with an underscore: "_checker1".'
ERROR: 'The local variable "checker2" is declared but never used in the block. If this is intended, prefix it with an underscore: "_checker2".'
ERROR: 'The parameter "do_skip" is never used in the function "test_highlight_movement()". If this is intended, prefix it with an underscore: "_do_skip".'
ERROR: 'The parameter "skip_reason" is never used in the function "test_highlight_movement()". If this is intended, prefix it with an underscore: "_skip_reason".'
ERROR: 'The parameter "do_skip" is never used in the function "test_highlight_control_zones()". If this is intended, prefix it with an underscore: "_do_skip".'
ERROR: 'The parameter "skip_reason" is never used in the function "test_highlight_control_zones()". If this is intended, prefix it with an underscore: "_skip_reason".'
ERROR: 'The parameter "do_skip" is never used in the function "test_remove_control_zones()". If this is intended, prefix it with an underscore: "_do_skip".'
ERROR: 'The parameter "skip_reason" is never used in the function "test_remove_control_zones()". If this is intended, prefix it with an underscore: "_skip_reason".'
ERROR: 'The parameter "do_skip" is never used in the function "test_remove_selected()". If this is intended, prefix it with an underscore: "_do_skip".'
ERROR: 'The parameter "skip_reason" is never used in the function "test_remove_selected()". If this is intended, prefix it with an underscore: "_skip_reason".'
ERROR: 'The parameter "do_skip" is never used in the function "test_remove_char_highlights()". If this is intended, prefix it with an underscore: "_do_skip".'
ERROR: 'The parameter "skip_reason" is never used in the function "test_remove_char_highlights()". If this is intended, prefix it with an underscore: "_skip_reason".'
ERROR: 'The local variable "tile" is declared but never used in the block. If this is intended, prefix it with an underscore: "_tile".'
ERROR: 'The parameter "do_skip" is never used in the function "test_remove_ally_highlights()". If this is intended, prefix it with an underscore: "_do_skip".'
ERROR: 'The parameter "skip_reason" is never used in the function "test_remove_ally_highlights()". If this is intended, prefix it with an underscore: "_skip_reason".'
ERROR: 'The local variable "tile" is declared but never used in the block. If this is intended, prefix it with an underscore: "_tile".'
ERROR: 'The parameter "do_skip" is never used in the function "test_remove_enemy_highlights()". If this is intended, prefix it with an underscore: "_do_skip".'
ERROR: 'The parameter "skip_reason" is never used in the function "test_remove_enemy_highlights()". If this is intended, prefix it with an underscore: "_skip_reason".'
ERROR: 'The local variable "tile" is declared but never used in the block. If this is intended, prefix it with an underscore: "_tile".'
ERROR: 'The local variable "spa" is declared but never used in the block. If this is intended, prefix it with an underscore: "_spa".'
ERROR: 'The local variable "spa" is declared but never used in the block. If this is intended, prefix it with an underscore: "_spa".'
ERROR: 'The parameter "delta" is never used in the function "_process()". If this is intended, prefix it with an underscore: "_delta".'
USER WARNING: res://Scenes/3D/characterSelectCard.tscn:4 - ext_resource, invalid UID: uid://0h62265iduim - using text path instead: res://Assets/Materials/brownPaper.tres
   at: load (scene/resources/resource_format_text.cpp:453)
USER WARNING: res://Assets/Props/dm_screen/dm_screen.tscn:3 - ext_resource, invalid UID: uid://biennfdh5w4v4 - using text path instead: res://Assets/Materials/brownLeather.tres
   at: load (scene/resources/resource_format_text.cpp:453)
USER WARNING: res://Scenes/3D/characterSelect.tscn:7 - ext_resource, invalid UID: uid://0h62265iduim - using text path instead: res://Assets/Materials/brownPaper.tres
   at: load (scene/resources/resource_format_text.cpp:453)
ERROR: 'The parameter "camera" is never used in the function "_on_province_input_event()". If this is intended, prefix it with an underscore: "_camera".'
ERROR: 'The parameter "event_position" is never used in the function "_on_province_input_event()". If this is intended, prefix it with an underscore: "_event_position".'
ERROR: 'The parameter "normal" is never used in the function "_on_province_input_event()". If this is intended, prefix it with an underscore: "_normal".'
ERROR: 'The parameter "shape_idx" is never used in the function "_on_province_input_event()". If this is intended, prefix it with an underscore: "_shape_idx".'
USER WARNING: res://Scenes/3D/campaignMap.tscn:4 - ext_resource, invalid UID: uid://cy64ia52457td - using text path instead: res://Assets/Materials/cork.tres
   at: load (scene/resources/resource_format_text.cpp:453)
USER WARNING: res://Scenes/3D/campaignMap.tscn:7 - ext_resource, invalid UID: uid://beeuvue688nry - using text path instead: res://Assets/Materials/wood.tres
   at: load (scene/resources/resource_format_text.cpp:453)
USER WARNING: res://Assets/Props/modern_table/modern_table.tscn:3 - ext_resource, invalid UID: uid://got5by3urm4e - using text path instead: res://Assets/Props/modern_table/modern_table_0.png
   at: load (scene/resources/resource_format_text.cpp:453)
USER WARNING: res://Assets/Props/hanging_light/hanging_light_mesh.tscn:3 - ext_resource, invalid UID: uid://d5k560iih4h2 - using text path instead: res://Assets/Materials/blackMetal.tres
   at: load (scene/resources/resource_format_text.cpp:453)
USER WARNING: res://Assets/Props/hanging_light/hanging_light_mesh.tscn:4 - ext_resource, invalid UID: uid://dhclswrexx6lh - using text path instead: res://Assets/Materials/mirrorMetal.tres
   at: load (scene/resources/resource_format_text.cpp:453)
USER WARNING: res://Assets/Props/hanging_light/hanging_light_mesh.tscn:5 - ext_resource, invalid UID: uid://cp21a65umlu0g - using text path instead: res://Assets/Materials/metalRope.tres
   at: load (scene/resources/resource_format_text.cpp:453)
ERROR: 'The parameter "camera" is never used in the function "_on_start_button_pressed()". If this is intended, prefix it with an underscore: "_camera".'
ERROR: 'The parameter "event_position" is never used in the function "_on_start_button_pressed()". If this is intended, prefix it with an underscore: "_event_position".'
ERROR: 'The parameter "normal" is never used in the function "_on_start_button_pressed()". If this is intended, prefix it with an underscore: "_normal".'
ERROR: 'The parameter "shape_idx" is never used in the function "_on_start_button_pressed()". If this is intended, prefix it with an underscore: "_shape_idx".'
ERROR: 'The parameter "camera" is never used in the function "_on_exit_button_pressed()". If this is intended, prefix it with an underscore: "_camera".'
ERROR: 'The parameter "event_position" is never used in the function "_on_exit_button_pressed()". If this is intended, prefix it with an underscore: "_event_position".'
ERROR: 'The parameter "normal" is never used in the function "_on_exit_button_pressed()". If this is intended, prefix it with an underscore: "_normal".'
ERROR: 'The parameter "shape_idx" is never used in the function "_on_exit_button_pressed()". If this is intended, prefix it with an underscore: "_shape_idx".'
ERROR: 'The parameter "camera" is never used in the function "_on_reset_button_pressed()". If this is intended, prefix it with an underscore: "_camera".'
ERROR: 'The parameter "event_position" is never used in the function "_on_reset_button_pressed()". If this is intended, prefix it with an underscore: "_event_position".'
ERROR: 'The parameter "normal" is never used in the function "_on_reset_button_pressed()". If this is intended, prefix it with an underscore: "_normal".'
ERROR: 'The parameter "shape_idx" is never used in the function "_on_reset_button_pressed()". If this is intended, prefix it with an underscore: "_shape_idx".'
ERROR: 'The parameter "camera" is never used in the function "_on_credits_button_pressed()". If this is intended, prefix it with an underscore: "_camera".'
ERROR: 'The parameter "event_position" is never used in the function "_on_credits_button_pressed()". If this is intended, prefix it with an underscore: "_event_position".'
ERROR: 'The parameter "normal" is never used in the function "_on_credits_button_pressed()". If this is intended, prefix it with an underscore: "_normal".'
ERROR: 'The parameter "shape_idx" is never used in the function "_on_credits_button_pressed()". If this is intended, prefix it with an underscore: "_shape_idx".'
ERROR: 'The parameter "do_skip" is never used in the function "test_not_null()". If this is intended, prefix it with an underscore: "_do_skip".'
ERROR: 'The parameter "skip_reason" is never used in the function "test_not_null()". If this is intended, prefix it with an underscore: "_skip_reason".'
ERROR: 'The parameter "do_skip" is never used in the function "test__on_start_turn()". If this is intended, prefix it with an underscore: "_do_skip".'
ERROR: 'The parameter "skip_reason" is never used in the function "test__on_start_turn()". If this is intended, prefix it with an underscore: "_skip_reason".'
ERROR: 'The parameter "do_skip" is never used in the function "test_start_map_combat()". If this is intended, prefix it with an underscore: "_do_skip".'
ERROR: 'The parameter "skip_reason" is never used in the function "test_start_map_combat()". If this is intended, prefix it with an underscore: "_skip_reason".'
ERROR: 'The parameter "do_skip" is never used in the function "test__on_combat_start()". If this is intended, prefix it with an underscore: "_do_skip".'
ERROR: 'The parameter "skip_reason" is never used in the function "test__on_combat_start()". If this is intended, prefix it with an underscore: "_skip_reason".'
ERROR: 'The parameter "do_skip" is never used in the function "test__on_combat_end()". If this is intended, prefix it with an underscore: "_do_skip".'
ERROR: 'The parameter "skip_reason" is never used in the function "test__on_combat_end()". If this is intended, prefix it with an underscore: "_skip_reason".'
Run Test Suite res://Tests/test_AI.gd 
	Run Test: res://Tests/test_AI.gd > test_not_null :STARTED
ERROR: 'The local "for" iterator variable "skillName" is shadowing an already-declared variable at line 6.'
	Run Test: res://Tests/test_AI.gd > test_not_null :PASSED 345ms

	Run Test: res://Tests/test_AI.gd > test_goblin_melee_behaviour :STARTED
Project FPS: 4 (250.00 mspf)
	Run Test: res://Tests/test_AI.gd > test_goblin_melee_behaviour :PASSED 11s 806ms

	Run Test: res://Tests/test_AI.gd > test_orc_melee_no_kill_behaviour :STARTED
Project FPS: 4 (250.00 mspf)
	Run Test: res://Tests/test_AI.gd > test_orc_melee_no_kill_behaviour :PASSED 11s 650ms

	Run Test: res://Tests/test_AI.gd > test_orc_melee_kill_behaviour :STARTED
Project FPS: 4 (250.00 mspf)
	Run Test: res://Tests/test_AI.gd > test_orc_melee_kill_behaviour :PASSED 11s 128ms

	Run Test: res://Tests/test_AI.gd > test_goblin_ranged_behaviour :STARTED
Project FPS: 4 (250.00 mspf)
	Run Test: res://Tests/test_AI.gd > test_goblin_ranged_behaviour :PASSED 11s 968ms

	Run Test: res://Tests/test_AI.gd > test_orc_ranged_no_kill_behaviour :STARTED
Project FPS: 4 (250.00 mspf)
	Run Test: res://Tests/test_AI.gd > test_orc_ranged_no_kill_behaviour :PASSED 10s 791ms

	Run Test: res://Tests/test_AI.gd > test_orc_ranged_kill_behaviour :STARTED
Project FPS: 3 (333.33 mspf)
	Run Test: res://Tests/test_AI.gd > test_orc_ranged_kill_behaviour :PASSED 10s 567ms

	Run Test: res://Tests/test_AI.gd > test_orc_mage_no_kill_behaviour :STARTED
Project FPS: 3 (333.33 mspf)
	Run Test: res://Tests/test_AI.gd > test_orc_mage_no_kill_behaviour :PASSED 10s 715ms

	Run Test: res://Tests/test_AI.gd > test_orc_mage_kill_behaviour :STARTED
Project FPS: 3 (333.33 mspf)
	Run Test: res://Tests/test_AI.gd > test_orc_mage_kill_behaviour :PASSED 11s 4ms

	Run Test: res://Tests/test_AI.gd > test_juggernaut_behaviour :STARTED
Project FPS: 3 (333.33 mspf)
	Run Test: res://Tests/test_AI.gd > test_juggernaut_behaviour :FAILED 11s 131ms
	Report:
		line 441: Expecting:
		 '26'
		 in range between
		 '15' <> '25'

	Run Test: res://Tests/test_AI.gd > test_juggernaut_behaviour :STARTED
Project FPS: 2 (500.00 mspf)
	Run Test: res://Tests/test_AI.gd > test_juggernaut_behaviour :FLAKY (2 retries) 11s 150ms


FLAKY (0 retries) 1min 52s 589ms
Statistics: | 10 tests cases | 0 error | 0 failed | 1 flaky | 0 skipped | 0 orphans |

Run Test Suite res://Tests/test_character.gd 
	Run Test: res://Tests/test_character.gd > test_not_null :STARTED
	Run Test: res://Tests/test_character.gd > test_not_null :PASSED 85ms

	Run Test: res://Tests/test_character.gd > test_character_factory :STARTED
	Run Test: res://Tests/test_character.gd > test_character_factory :PASSED 52ms

	Run Test: res://Tests/test_character.gd > test_set_is_enemy :STARTED
	Run Test: res://Tests/test_character.gd > test_set_is_enemy :PASSED 55ms

	Run Test: res://Tests/test_character.gd > test_calculate_initiative :STARTED
	Run Test: res://Tests/test_character.gd > test_calculate_initiative :PASSED 53ms

	Run Test: res://Tests/test_character.gd > test_cap_current_stats_max :STARTED
	Run Test: res://Tests/test_character.gd > test_cap_current_stats_max :PASSED 53ms

	Run Test: res://Tests/test_character.gd > test_cap_current_stats_no_negatives :STARTED
	Run Test: res://Tests/test_character.gd > test_cap_current_stats_no_negatives :PASSED 53ms

	Run Test: res://Tests/test_character.gd > test_set_stats :STARTED
	Run Test: res://Tests/test_character.gd > test_set_stats :PASSED 54ms

	Run Test: res://Tests/test_character.gd > test_set_map_coords_ok :STARTED
Project FPS: 25 (40.00 mspf)
	Run Test: res://Tests/test_character.gd > test_set_map_coords_ok :PASSED 69ms

	Run Test: res://Tests/test_character.gd > test_set_map_coords_x_out_of_range :STARTED
invalid coords (4, 3)
	Run Test: res://Tests/test_character.gd > test_set_map_coords_x_out_of_range :PASSED 64ms

	Run Test: res://Tests/test_character.gd > test_set_map_coords_y_out_of_range :STARTED
invalid coords (3, 4)
	Run Test: res://Tests/test_character.gd > test_set_map_coords_y_out_of_range :PASSED 66ms

	Run Test: res://Tests/test_character.gd > test_modify_health_damage_non_lethal :STARTED
	Run Test: res://Tests/test_character.gd > test_modify_health_damage_non_lethal :PASSED 54ms

	Run Test: res://Tests/test_character.gd > test_modify_health_damage_lethal :STARTED
	Run Test: res://Tests/test_character.gd > test_modify_health_damage_lethal :PASSED 52ms

	Run Test: res://Tests/test_character.gd > test_modify_health_heal_under_cap :STARTED
	Run Test: res://Tests/test_character.gd > test_modify_health_heal_under_cap :PASSED 54ms

	Run Test: res://Tests/test_character.gd > test_modify_health_heal_over_cap :STARTED
	Run Test: res://Tests/test_character.gd > test_modify_health_heal_over_cap :PASSED 55ms

	Run Test: res://Tests/test_character.gd > test_modify_mana_increase_under_cap :STARTED
	Run Test: res://Tests/test_character.gd > test_modify_mana_increase_under_cap :PASSED 53ms

	Run Test: res://Tests/test_character.gd > test_modify_mana_increase_over_cap :STARTED
	Run Test: res://Tests/test_character.gd > test_modify_mana_increase_over_cap :PASSED 52ms

	Run Test: res://Tests/test_character.gd > test_modify_mana_decrease_under_cap :STARTED
	Run Test: res://Tests/test_character.gd > test_modify_mana_decrease_under_cap :PASSED 54ms

	Run Test: res://Tests/test_character.gd > test_modify_mana_decrease_over_cap :STARTED
Project FPS: 30 (33.33 mspf)
	Run Test: res://Tests/test_character.gd > test_modify_mana_decrease_over_cap :PASSED 66ms


PASSED 1s 846ms
Statistics: | 28 tests cases | 0 error | 0 failed | 1 flaky | 0 skipped | 0 orphans |

Run Test Suite res://Tests/test_combat.gd 
	Run Test: res://Tests/test_combat.gd > test_not_null :STARTED
	Run Test: res://Tests/test_combat.gd > test_not_null :PASSED 86ms

	Run Test: res://Tests/test_combat.gd > test_calc_hit_chance_true_hit :STARTED
	Run Test: res://Tests/test_combat.gd > test_calc_hit_chance_true_hit :PASSED 55ms

	Run Test: res://Tests/test_combat.gd > test_calc_hit_chance_true_hit_fail :STARTED
	Run Test: res://Tests/test_combat.gd > test_calc_hit_chance_true_hit_fail :PASSED 53ms

	Run Test: res://Tests/test_combat.gd > test_calc_hit_chance_bloated_hit :STARTED
	Run Test: res://Tests/test_combat.gd > test_calc_hit_chance_bloated_hit :PASSED 58ms

	Run Test: res://Tests/test_combat.gd > test_calc_hit_chance_bloated_hit_fail :STARTED
	Run Test: res://Tests/test_combat.gd > test_calc_hit_chance_bloated_hit_fail :PASSED 57ms

	Run Test: res://Tests/test_combat.gd > test_calc_crit :STARTED
	Run Test: res://Tests/test_combat.gd > test_calc_crit :PASSED 58ms

	Run Test: res://Tests/test_combat.gd > test_calc_crit_no :STARTED
	Run Test: res://Tests/test_combat.gd > test_calc_crit_no :PASSED 57ms

	Run Test: res://Tests/test_combat.gd > test_calc_damage_no_magic :STARTED
	Run Test: res://Tests/test_combat.gd > test_calc_damage_no_magic :PASSED 58ms

	Run Test: res://Tests/test_combat.gd > test_calc_damage_magic :STARTED
Project FPS: 30 (33.33 mspf)
	Run Test: res://Tests/test_combat.gd > test_calc_damage_magic :PASSED 67ms

	Run Test: res://Tests/test_combat.gd > test_calc_damage_no_magic_SPA :STARTED
	Run Test: res://Tests/test_combat.gd > test_calc_damage_no_magic_SPA :PASSED 57ms

	Run Test: res://Tests/test_combat.gd > test_calc_damage_magic_SPA :STARTED
	Run Test: res://Tests/test_combat.gd > test_calc_damage_magic_SPA :PASSED 59ms

	Run Test: res://Tests/test_combat.gd > test_generate_rolls_1_2_and_1_100 :STARTED
	Run Test: res://Tests/test_combat.gd > test_generate_rolls_1_2_and_1_100 :PASSED 60ms

	Run Test: res://Tests/test_combat.gd > test_generate_rolls_random :STARTED
	Run Test: res://Tests/test_combat.gd > test_generate_rolls_random :PASSED 61ms

	Run Test: res://Tests/test_combat.gd > test_combat_round_melee :STARTED
	Run Test: res://Tests/test_combat.gd > test_combat_round_melee :PASSED 58ms

	Run Test: res://Tests/test_combat.gd > test_combat_round_ranged :STARTED
	Run Test: res://Tests/test_combat.gd > test_combat_round_ranged :PASSED 57ms

	Run Test: res://Tests/test_combat.gd > test_combat_round_skill_no_SEF_retaliation :STARTED
	Run Test: res://Tests/test_combat.gd > test_combat_round_skill_no_SEF_retaliation :PASSED 57ms

	Run Test: res://Tests/test_combat.gd > test_combat_round_skill_no_SEF_no_retaliation :STARTED
turbohit found -23
	Run Test: res://Tests/test_combat.gd > test_combat_round_skill_no_SEF_no_retaliation :PASSED 65ms

	Run Test: res://Tests/test_combat.gd > test_combat_round_skill_SEF_retaliation :STARTED
	Run Test: res://Tests/test_combat.gd > test_combat_round_skill_SEF_retaliation :PASSED 57ms

	Run Test: res://Tests/test_combat.gd > test_combat_round_skill_SEF_no_retaliation :STARTED
turbohit found -27
Project FPS: 30 (33.33 mspf)
	Run Test: res://Tests/test_combat.gd > test_combat_round_skill_SEF_no_retaliation :PASSED 66ms

	Run Test: res://Tests/test_combat.gd > test_combat_round_kill_no_retaliation :STARTED
turbohit found -44
	Run Test: res://Tests/test_combat.gd > test_combat_round_kill_no_retaliation :PASSED 66ms

	Run Test: res://Tests/test_combat.gd > test_attack_hit :STARTED
	Run Test: res://Tests/test_combat.gd > test_attack_hit :PASSED 56ms

	Run Test: res://Tests/test_combat.gd > test_attack_miss :STARTED
	Run Test: res://Tests/test_combat.gd > test_attack_miss :PASSED 56ms

	Run Test: res://Tests/test_combat.gd > test_deal_damage_positive_no_crit :STARTED
	Run Test: res://Tests/test_combat.gd > test_deal_damage_positive_no_crit :PASSED 59ms

	Run Test: res://Tests/test_combat.gd > test_deal_damage_positive_crit :STARTED
	Run Test: res://Tests/test_combat.gd > test_deal_damage_positive_crit :PASSED 57ms

	Run Test: res://Tests/test_combat.gd > test_deal_damage_0 :STARTED
	Run Test: res://Tests/test_combat.gd > test_deal_damage_0 :PASSED 58ms

	Run Test: res://Tests/test_combat.gd > test_deal_damage_negative :STARTED
	Run Test: res://Tests/test_combat.gd > test_deal_damage_negative :PASSED 58ms


PASSED 2s 642ms
Statistics: | 54 tests cases | 0 error | 0 failed | 1 flaky | 0 skipped | 0 orphans |

Run Test Suite res://Tests/test_enemy_behaviour.gd 
	Run Test: res://Tests/test_enemy_behaviour.gd > test_not_null :STARTED
Project FPS: 25 (40.00 mspf)
	Run Test: res://Tests/test_enemy_behaviour.gd > test_not_null :PASSED 244ms

	Run Test: res://Tests/test_enemy_behaviour.gd > test_dumb_melee_behavior_possible_targets_isEmpty :STARTED
	Run Test: res://Tests/test_enemy_behaviour.gd > test_dumb_melee_behavior_possible_targets_isEmpty :SKIPPED 0ms
	Report:
		line 73: This test is skipped!
		  Reason: '"Test fails due to check closest player needs repair"'
		

	Run Test: res://Tests/test_enemy_behaviour.gd > test_dumb_melee_behavior_ok :STARTED
	Run Test: res://Tests/test_enemy_behaviour.gd > test_dumb_melee_behavior_ok :PASSED 230ms

	Run Test: res://Tests/test_enemy_behaviour.gd > test_smart_melee_behavior_possible_targets_isEmpty :STARTED
	Run Test: res://Tests/test_enemy_behaviour.gd > test_smart_melee_behavior_possible_targets_isEmpty :SKIPPED 0ms
	Report:
		line 155: This test is skipped!
		  Reason: '"Test fails due to check closest player needs repair"'
		

	Run Test: res://Tests/test_enemy_behaviour.gd > test_smart_melee_behavior_ok :STARTED
	Run Test: res://Tests/test_enemy_behaviour.gd > test_smart_melee_behavior_ok :PASSED 209ms

	Run Test: res://Tests/test_enemy_behaviour.gd > test_check_players_in_range_isRooted :STARTED
	Run Test: res://Tests/test_enemy_behaviour.gd > test_check_players_in_range_isRooted :SKIPPED 0ms
	Report:
		line 237: This test is skipped!
		  Reason: '"Test needs repair"'
		

	Run Test: res://Tests/test_enemy_behaviour.gd > test_check_players_in_range_ok :STARTED
Project FPS: 16 (62.50 mspf)
	Run Test: res://Tests/test_enemy_behaviour.gd > test_check_players_in_range_ok :PASSED 201ms

	Run Test: res://Tests/test_enemy_behaviour.gd > test_melee_enemy_attack_isRooted :STARTED
	Run Test: res://Tests/test_enemy_behaviour.gd > test_melee_enemy_attack_isRooted :PASSED 212ms

	Run Test: res://Tests/test_enemy_behaviour.gd > test_melee_enemy_attack_no_move_needed :STARTED
	Run Test: res://Tests/test_enemy_behaviour.gd > test_melee_enemy_attack_no_move_needed :PASSED 200ms

	Run Test: res://Tests/test_enemy_behaviour.gd > test_melee_enemy_attack_move_needed :STARTED
	Run Test: res://Tests/test_enemy_behaviour.gd > test_melee_enemy_attack_move_needed :PASSED 188ms

	Run Test: res://Tests/test_enemy_behaviour.gd > test_dumb_ranged_behavior_target_isEmpty :STARTED
Project FPS: 12 (83.33 mspf)
	Run Test: res://Tests/test_enemy_behaviour.gd > test_dumb_ranged_behavior_target_isEmpty :PASSED 230ms

	Run Test: res://Tests/test_enemy_behaviour.gd > test_dumb_ranged_behavior_target_ok :STARTED
	Run Test: res://Tests/test_enemy_behaviour.gd > test_dumb_ranged_behavior_target_ok :PASSED 237ms

	Run Test: res://Tests/test_enemy_behaviour.gd > test_smart_ranged_behavior_target_isEmpty :STARTED
	Run Test: res://Tests/test_enemy_behaviour.gd > test_smart_ranged_behavior_target_isEmpty :PASSED 209ms

	Run Test: res://Tests/test_enemy_behaviour.gd > test_smart_ranged_behavior_target_ok :STARTED
	Run Test: res://Tests/test_enemy_behaviour.gd > test_smart_ranged_behavior_target_ok :PASSED 202ms

	Run Test: res://Tests/test_enemy_behaviour.gd > test_find_optimal_shot :STARTED
Project FPS: 12 (83.33 mspf)
	Run Test: res://Tests/test_enemy_behaviour.gd > test_find_optimal_shot :PASSED 200ms

	Run Test: res://Tests/test_enemy_behaviour.gd > test_ranged_enemy_attack_isRooted :STARTED
	Run Test: res://Tests/test_enemy_behaviour.gd > test_ranged_enemy_attack_isRooted :PASSED 199ms

	Run Test: res://Tests/test_enemy_behaviour.gd > test_ranged_enemy_attack_best_position_already :STARTED
	Run Test: res://Tests/test_enemy_behaviour.gd > test_ranged_enemy_attack_best_position_already :SKIPPED 0ms
	Report:
		line 712: This test is skipped!
		  Reason: '"Test needs repair"'
		

	Run Test: res://Tests/test_enemy_behaviour.gd > test_ranged_enemy_attack_with_movement :STARTED
	Run Test: res://Tests/test_enemy_behaviour.gd > test_ranged_enemy_attack_with_movement :PASSED 195ms

	Run Test: res://Tests/test_enemy_behaviour.gd > test_check_players_in_range_ranged_isRooted :STARTED
	Run Test: res://Tests/test_enemy_behaviour.gd > test_check_players_in_range_ranged_isRooted :SKIPPED 0ms
	Report:
		line 805: This test is skipped!
		  Reason: '"Test needs repair"'
		

	Run Test: res://Tests/test_enemy_behaviour.gd > test_check_players_in_range_ranged_ok :STARTED
	Run Test: res://Tests/test_enemy_behaviour.gd > test_check_players_in_range_ranged_ok :PASSED 202ms

	Run Test: res://Tests/test_enemy_behaviour.gd > test_viable_ranged_target :STARTED
Project FPS: 16 (62.50 mspf)
	Run Test: res://Tests/test_enemy_behaviour.gd > test_viable_ranged_target :PASSED 215ms

	Run Test: res://Tests/test_enemy_behaviour.gd > test_viable_ranged_positions :STARTED
	Run Test: res://Tests/test_enemy_behaviour.gd > test_viable_ranged_positions :FAILED 189ms
	Report:
		line 970: Expecting:
		 '[(1, 1), (0, 0)]'
		 but was
		 '[(1, 1)]'
		
		Differences found:
		Index	Current	Expected	1	<N/A>	(0, 0)	
	Report:
		line 971: Expecting:
		 '[(1, 1), (0, 0)]'
		 but was
		 '[(1, 1)]'
		
		Differences found:
		Index	Current	Expected	1	<N/A>	(0, 0)	
	Report:
		line 972: Expecting:
		 '[(1, 1), (0, 0)]'
		 but was
		 '[(1, 1)]'
		
		Differences found:
		Index	Current	Expected	1	<N/A>	(0, 0)	

	Run Test: res://Tests/test_enemy_behaviour.gd > test_viable_ranged_positions :STARTED
	Run Test: res://Tests/test_enemy_behaviour.gd > test_viable_ranged_positions :FLAKY (2 retries) 202ms

	Run Test: res://Tests/test_enemy_behaviour.gd > test_smart_enemy_target_choice_ranged_no_kill :STARTED
	Run Test: res://Tests/test_enemy_behaviour.gd > test_smart_enemy_target_choice_ranged_no_kill :PASSED 198ms

	Run Test: res://Tests/test_enemy_behaviour.gd > test_smart_enemy_target_choice_ranged_kill :STARTED
Project FPS: 11 (90.90 mspf)
	Run Test: res://Tests/test_enemy_behaviour.gd > test_smart_enemy_target_choice_ranged_kill :PASSED 221ms

	Run Test: res://Tests/test_enemy_behaviour.gd > test_smart_enemy_target_choice_mage_no_kill :STARTED
	Run Test: res://Tests/test_enemy_behaviour.gd > test_smart_enemy_target_choice_mage_no_kill :PASSED 215ms

	Run Test: res://Tests/test_enemy_behaviour.gd > test_smart_enemy_target_choice_mage_kill :STARTED
	Run Test: res://Tests/test_enemy_behaviour.gd > test_smart_enemy_target_choice_mage_kill :PASSED 188ms

	Run Test: res://Tests/test_enemy_behaviour.gd > test_check_closest_player :STARTED
	Run Test: res://Tests/test_enemy_behaviour.gd > test_check_closest_player :SKIPPED 0ms
	Report:
		line 1141: This test is skipped!
		  Reason: '"Test fail due to the original func is not ok"'
		

	Run Test: res://Tests/test_enemy_behaviour.gd > test_approach_enemy :STARTED
	Run Test: res://Tests/test_enemy_behaviour.gd > test_approach_enemy :SKIPPED 0ms
	Report:
		line 1186: This test is skipped!
		  Reason: '"Test fails due to check closest player needs repair"'
		


FLAKY (0 retries) 5s 935ms
Statistics: | 82 tests cases | 0 error | 0 failed | 2 flaky | 7 skipped | 0 orphans |

Run Test Suite res://Tests/test_mapCombat.gd 
	Run Test: res://Tests/test_mapCombat.gd > test_not_null :STARTED
	Run Test: res://Tests/test_mapCombat.gd > test_not_null :PASSED 130ms

	Run Test: res://Tests/test_mapCombat.gd > test_sort_descending_case_a_bigger_b :STARTED
Project FPS: 18 (55.55 mspf)
	Run Test: res://Tests/test_mapCombat.gd > test_sort_descending_case_a_bigger_b :PASSED 117ms

	Run Test: res://Tests/test_mapCombat.gd > test_sort_descending_case_a_less_b :STARTED
	Run Test: res://Tests/test_mapCombat.gd > test_sort_descending_case_a_less_b :PASSED 100ms

	Run Test: res://Tests/test_mapCombat.gd > test_sort_descending_case_a_equal_b :STARTED
	Run Test: res://Tests/test_mapCombat.gd > test_sort_descending_case_a_equal_b :PASSED 111ms

	Run Test: res://Tests/test_mapCombat.gd > test__on_start_button_pressed :STARTED
	Run Test: res://Tests/test_mapCombat.gd > test__on_start_button_pressed :PASSED 121ms

	Run Test: res://Tests/test_mapCombat.gd > test_choose_random_spawn :STARTED
Project FPS: 12 (83.33 mspf)
	Run Test: res://Tests/test_mapCombat.gd > test_choose_random_spawn :PASSED 1s 601ms

	Run Test: res://Tests/test_mapCombat.gd > test_validate_move_ok :STARTED
	Run Test: res://Tests/test_mapCombat.gd > test_validate_move_ok :PASSED 104ms

	Run Test: res://Tests/test_mapCombat.gd > test_validate_move_not_dijkstra :STARTED
	Run Test: res://Tests/test_mapCombat.gd > test_validate_move_not_dijkstra :PASSED 102ms

	Run Test: res://Tests/test_mapCombat.gd > test_validate_move_tile_populated :STARTED
	Run Test: res://Tests/test_mapCombat.gd > test_validate_move_tile_populated :PASSED 100ms

	Run Test: res://Tests/test_mapCombat.gd > test_validate_move_tile_not_traversable :STARTED
	Run Test: res://Tests/test_mapCombat.gd > test_validate_move_tile_not_traversable :PASSED 102ms

	Run Test: res://Tests/test_mapCombat.gd > test_update_ane_character_card_with_mana :STARTED
USER ERROR: Resource file not found: res:// (expected type: )
   at: _load (core/io/resource_loader.cpp:288)
	Run Test: res://Tests/test_mapCombat.gd > test_update_ane_character_card_with_mana :PASSED 117ms

	Run Test: res://Tests/test_mapCombat.gd > test_update_ane_character_card_with_no_mana :STARTED
USER ERROR: Resource file not found: res:// (expected type: )
   at: _load (core/io/resource_loader.cpp:288)
Project FPS: 18 (55.55 mspf)
	Run Test: res://Tests/test_mapCombat.gd > test_update_ane_character_card_with_no_mana :PASSED 123ms

	Run Test: res://Tests/test_mapCombat.gd > test_initial_map_load :STARTED
	Run Test: res://Tests/test_mapCombat.gd > test_initial_map_load :PASSED 101ms

	Run Test: res://Tests/test_mapCombat.gd > test_calculate_combat_initiative :STARTED
	Run Test: res://Tests/test_mapCombat.gd > test_calculate_combat_initiative :PASSED 95ms

	Run Test: res://Tests/test_mapCombat.gd > test_setup_skill_menu :STARTED
	Run Test: res://Tests/test_mapCombat.gd > test_setup_skill_menu :PASSED 116ms

	Run Test: res://Tests/test_mapCombat.gd > test_reset_to_tavern_selected_character_enemy :STARTED
	Run Test: res://Tests/test_mapCombat.gd > test_reset_to_tavern_selected_character_enemy :PASSED 115ms

	Run Test: res://Tests/test_mapCombat.gd > test_reset_to_tavern_selected_character_ally_has_moved :STARTED
USER ERROR: Resource file not found: res:// (expected type: )
   at: _load (core/io/resource_loader.cpp:288)
	Run Test: res://Tests/test_mapCombat.gd > test_reset_to_tavern_selected_character_ally_has_moved :PASSED 117ms

	Run Test: res://Tests/test_mapCombat.gd > test_reset_to_tavern_selected_character_ally_has_not_moved :STARTED
	Run Test: res://Tests/test_mapCombat.gd > test_reset_to_tavern_selected_character_ally_has_not_moved :SKIPPED 0ms
	Report:
		line 240: This test is skipped!
		  Reason: '"Tests fails, need for acceptance testing"'
		

	Run Test: res://Tests/test_mapCombat.gd > test_start_turn_party :STARTED
Project FPS: 20 (50.00 mspf)
	Run Test: res://Tests/test_mapCombat.gd > test_start_turn_party :PASSED 136ms

	Run Test: res://Tests/test_mapCombat.gd > test_start_turn_enemy :STARTED
	Run Test: res://Tests/test_mapCombat.gd > test_start_turn_enemy :PASSED 106ms

	Run Test: res://Tests/test_mapCombat.gd > test_generate_dijkstra :STARTED
	Run Test: res://Tests/test_mapCombat.gd > test_generate_dijkstra :PASSED 98ms

	Run Test: res://Tests/test_mapCombat.gd > test_set_status_bars :STARTED
	Run Test: res://Tests/test_mapCombat.gd > test_set_status_bars :PASSED 101ms

	Run Test: res://Tests/test_mapCombat.gd > test_set_status_bars_no_mana :STARTED
	Run Test: res://Tests/test_mapCombat.gd > test_set_status_bars_no_mana :PASSED 99ms

	Run Test: res://Tests/test_mapCombat.gd > test_enemy_turn_end :STARTED
	Run Test: res://Tests/test_mapCombat.gd > test_enemy_turn_end :PASSED 113ms

	Run Test: res://Tests/test_mapCombat.gd > test_reset_map_status :STARTED
Project FPS: 18 (55.55 mspf)
	Run Test: res://Tests/test_mapCombat.gd > test_reset_map_status :PASSED 198ms

	Run Test: res://Tests/test_mapCombat.gd > test_regen_mana :STARTED
	Run Test: res://Tests/test_mapCombat.gd > test_regen_mana :PASSED 109ms

	Run Test: res://Tests/test_mapCombat.gd > test_purge_the_dead_ally :STARTED
	Run Test: res://Tests/test_mapCombat.gd > test_purge_the_dead_ally :PASSED 141ms

	Run Test: res://Tests/test_mapCombat.gd > test_purge_the_dead_enemy :STARTED
	Run Test: res://Tests/test_mapCombat.gd > test_purge_the_dead_enemy :PASSED 146ms

	Run Test: res://Tests/test_mapCombat.gd > test_purge_the_dead_no_one_dies :STARTED
	Run Test: res://Tests/test_mapCombat.gd > test_purge_the_dead_no_one_dies :PASSED 100ms

	Run Test: res://Tests/test_mapCombat.gd > test_purge_the_dead_mana_regen_on_kill :STARTED
	Run Test: res://Tests/test_mapCombat.gd > test_purge_the_dead_mana_regen_on_kill :PASSED 136ms

	Run Test: res://Tests/test_mapCombat.gd > test_character_handler_enemy_turn :STARTED
Project FPS: 18 (55.55 mspf)
	Run Test: res://Tests/test_mapCombat.gd > test_character_handler_enemy_turn :PASSED 105ms

	Run Test: res://Tests/test_mapCombat.gd > test_character_handler_isEnemy_handled :STARTED
USER ERROR: Resource file not found: res:// (expected type: )
   at: _load (core/io/resource_loader.cpp:288)
	Run Test: res://Tests/test_mapCombat.gd > test_character_handler_isEnemy_handled :PASSED 106ms

	Run Test: res://Tests/test_mapCombat.gd > test_character_handler_other_ally_turn :STARTED
USER ERROR: Resource file not found: res:// (expected type: )
   at: _load (core/io/resource_loader.cpp:288)
	Run Test: res://Tests/test_mapCombat.gd > test_character_handler_other_ally_turn :PASSED 185ms

	Run Test: res://Tests/test_mapCombat.gd > test_selected_checker_last_selection_null_enemy :STARTED
USER ERROR: Resource file not found: res:// (expected type: )
   at: _load (core/io/resource_loader.cpp:288)
	Run Test: res://Tests/test_mapCombat.gd > test_selected_checker_last_selection_null_enemy :PASSED 176ms

	Run Test: res://Tests/test_mapCombat.gd > test_selected_checker_last_selection_null_ally :STARTED
USER ERROR: Resource file not found: res:// (expected type: )
   at: _load (core/io/resource_loader.cpp:288)
	Run Test: res://Tests/test_mapCombat.gd > test_selected_checker_last_selection_null_ally :PASSED 174ms

	Run Test: res://Tests/test_mapCombat.gd > test_selected_checker_unselect_enemy :STARTED
Project FPS: 15 (66.66 mspf)
	Run Test: res://Tests/test_mapCombat.gd > test_selected_checker_unselect_enemy :PASSED 173ms

	Run Test: res://Tests/test_mapCombat.gd > test_selected_checker_unselect_ally :STARTED
	Run Test: res://Tests/test_mapCombat.gd > test_selected_checker_unselect_ally :PASSED 168ms

	Run Test: res://Tests/test_mapCombat.gd > test_selected_checker_change_selection_enemy :STARTED
USER ERROR: Resource file not found: res:// (expected type: )
   at: _load (core/io/resource_loader.cpp:288)
	Run Test: res://Tests/test_mapCombat.gd > test_selected_checker_change_selection_enemy :PASSED 173ms

	Run Test: res://Tests/test_mapCombat.gd > test_selected_checker_change_selection_ally :STARTED
USER ERROR: Resource file not found: res:// (expected type: )
   at: _load (core/io/resource_loader.cpp:288)
	Run Test: res://Tests/test_mapCombat.gd > test_selected_checker_change_selection_ally :PASSED 180ms

	Run Test: res://Tests/test_mapCombat.gd > test_selected_checker_alternate_selection_ally_to_enemy :STARTED
USER ERROR: Resource file not found: res:// (expected type: )
   at: _load (core/io/resource_loader.cpp:288)
	Run Test: res://Tests/test_mapCombat.gd > test_selected_checker_alternate_selection_ally_to_enemy :PASSED 179ms

	Run Test: res://Tests/test_mapCombat.gd > test_selected_checker_alternate_selection_enemy_to_ally :STARTED
USER ERROR: Resource file not found: res:// (expected type: )
   at: _load (core/io/resource_loader.cpp:288)
Project FPS: 15 (66.66 mspf)
	Run Test: res://Tests/test_mapCombat.gd > test_selected_checker_alternate_selection_enemy_to_ally :PASSED 176ms

	Run Test: res://Tests/test_mapCombat.gd > test_set_selected_character_enemy :STARTED
USER ERROR: Resource file not found: res:// (expected type: )
   at: _load (core/io/resource_loader.cpp:288)
	Run Test: res://Tests/test_mapCombat.gd > test_set_selected_character_enemy :PASSED 117ms

	Run Test: res://Tests/test_mapCombat.gd > test_set_selected_character_ally :STARTED
USER ERROR: Resource file not found: res:// (expected type: )
   at: _load (core/io/resource_loader.cpp:288)
	Run Test: res://Tests/test_mapCombat.gd > test_set_selected_character_ally :PASSED 105ms

	Run Test: res://Tests/test_mapCombat.gd > test_set_selected_character_enemy_to_ally :STARTED
USER ERROR: Resource file not found: res:// (expected type: )
   at: _load (core/io/resource_loader.cpp:288)
	Run Test: res://Tests/test_mapCombat.gd > test_set_selected_character_enemy_to_ally :PASSED 106ms

	Run Test: res://Tests/test_mapCombat.gd > test_set_selected_character_ally_to_enemy :STARTED
USER ERROR: Resource file not found: res:// (expected type: )
   at: _load (core/io/resource_loader.cpp:288)
	Run Test: res://Tests/test_mapCombat.gd > test_set_selected_character_ally_to_enemy :PASSED 109ms

	Run Test: res://Tests/test_mapCombat.gd > test_get_tile_from_coords_exist :STARTED
	Run Test: res://Tests/test_mapCombat.gd > test_get_tile_from_coords_exist :PASSED 99ms

	Run Test: res://Tests/test_mapCombat.gd > test_get_tile_from_coords_not_exist :STARTED
	Run Test: res://Tests/test_mapCombat.gd > test_get_tile_from_coords_not_exist :PASSED 93ms

	Run Test: res://Tests/test_mapCombat.gd > test_set_tile_populated_false_to_true :STARTED
Project FPS: 21 (47.61 mspf)
	Run Test: res://Tests/test_mapCombat.gd > test_set_tile_populated_false_to_true :PASSED 104ms

	Run Test: res://Tests/test_mapCombat.gd > test_set_tile_populated_true_to_false :STARTED
	Run Test: res://Tests/test_mapCombat.gd > test_set_tile_populated_true_to_false :PASSED 96ms

	Run Test: res://Tests/test_mapCombat.gd > test_tile_handler_tile_selected :STARTED
	Run Test: res://Tests/test_mapCombat.gd > test_tile_handler_tile_selected :PASSED 105ms

	Run Test: res://Tests/test_mapCombat.gd > test_tile_handler_tile_not_selected :STARTED
	Run Test: res://Tests/test_mapCombat.gd > test_tile_handler_tile_not_selected :PASSED 104ms

	Run Test: res://Tests/test_mapCombat.gd > test_tile_handler_null_selected :STARTED
	Run Test: res://Tests/test_mapCombat.gd > test_tile_handler_null_selected :PASSED 98ms

	Run Test: res://Tests/test_mapCombat.gd > test__on_move_button_pressed :STARTED
	Run Test: res://Tests/test_mapCombat.gd > test__on_move_button_pressed :PASSED 122ms

	Run Test: res://Tests/test_mapCombat.gd > test_move_character_validated :STARTED
	Run Test: res://Tests/test_mapCombat.gd > test_move_character_validated :PASSED 118ms

	Run Test: res://Tests/test_mapCombat.gd > test_move_character_not_validated :STARTED
Project FPS: 20 (50.00 mspf)
	Run Test: res://Tests/test_mapCombat.gd > test_move_character_not_validated :PASSED 124ms

	Run Test: res://Tests/test_mapCombat.gd > test__on_phys_attack_button_pressed :STARTED
USER ERROR: Resource file not found: res:// (expected type: )
   at: _load (core/io/resource_loader.cpp:288)
USER ERROR: Resource file not found: res:// (expected type: )
   at: _load (core/io/resource_loader.cpp:288)
	Run Test: res://Tests/test_mapCombat.gd > test__on_phys_attack_button_pressed :PASSED 129ms

	Run Test: res://Tests/test_mapCombat.gd > test_setup_com_pred_no_skill :STARTED
USER ERROR: Resource file not found: res:// (expected type: )
   at: _load (core/io/resource_loader.cpp:288)
USER ERROR: Resource file not found: res:// (expected type: )
   at: _load (core/io/resource_loader.cpp:288)
	Run Test: res://Tests/test_mapCombat.gd > test_setup_com_pred_no_skill :PASSED 140ms

	Run Test: res://Tests/test_mapCombat.gd > test_setup_com_pred_skill :STARTED
USER ERROR: Resource file not found: res:// (expected type: )
   at: _load (core/io/resource_loader.cpp:288)
USER ERROR: Resource file not found: res:// (expected type: )
   at: _load (core/io/resource_loader.cpp:288)
	Run Test: res://Tests/test_mapCombat.gd > test_setup_com_pred_skill :PASSED 131ms

	Run Test: res://Tests/test_mapCombat.gd > test_attack_combat_prediction_no_skill :STARTED
USER ERROR: Resource file not found: res:// (expected type: )
   at: _load (core/io/resource_loader.cpp:288)
USER ERROR: Resource file not found: res:// (expected type: )
   at: _load (core/io/resource_loader.cpp:288)
	Run Test: res://Tests/test_mapCombat.gd > test_attack_combat_prediction_no_skill :PASSED 130ms

	Run Test: res://Tests/test_mapCombat.gd > test_attack_combat_prediction_skill :STARTED
USER ERROR: Resource file not found: res:// (expected type: )
   at: _load (core/io/resource_loader.cpp:288)
USER ERROR: Resource file not found: res:// (expected type: )
   at: _load (core/io/resource_loader.cpp:288)
	Run Test: res://Tests/test_mapCombat.gd > test_attack_combat_prediction_skill :PASSED 133ms

	Run Test: res://Tests/test_mapCombat.gd > test_close_combat_prediction :STARTED
USER ERROR: Resource file not found: res:// (expected type: )
   at: _load (core/io/resource_loader.cpp:288)
USER ERROR: Resource file not found: res:// (expected type: )
   at: _load (core/io/resource_loader.cpp:288)
Project FPS: 18 (55.55 mspf)
	Run Test: res://Tests/test_mapCombat.gd > test_close_combat_prediction :PASSED 130ms

	Run Test: res://Tests/test_mapCombat.gd > test_phys_combat_round_melee :STARTED
	Run Test: res://Tests/test_mapCombat.gd > test_phys_combat_round_melee :PASSED 97ms

	Run Test: res://Tests/test_mapCombat.gd > test_phys_combat_round_ranged :STARTED
	Run Test: res://Tests/test_mapCombat.gd > test_phys_combat_round_ranged :PASSED 110ms

	Run Test: res://Tests/test_mapCombat.gd > test_phys_combat_round_ranged_melee :STARTED
	Run Test: res://Tests/test_mapCombat.gd > test_phys_combat_round_ranged_melee :PASSED 99ms

	Run Test: res://Tests/test_mapCombat.gd > test_phys_combat_round_melee_mapMod_positive_height :STARTED
	Run Test: res://Tests/test_mapCombat.gd > test_phys_combat_round_melee_mapMod_positive_height :PASSED 98ms

	Run Test: res://Tests/test_mapCombat.gd > test_phys_combat_round_melee_mapMod_negative_height :STARTED
	Run Test: res://Tests/test_mapCombat.gd > test_phys_combat_round_melee_mapMod_negative_height :PASSED 96ms

	Run Test: res://Tests/test_mapCombat.gd > test_calc_los :STARTED
	Run Test: res://Tests/test_mapCombat.gd > test_calc_los :SKIPPED 0ms
	Report:
		line 1011: This test is skipped!
		  Reason: '"Not possible, raycast fails in testing"'
		

	Run Test: res://Tests/test_mapCombat.gd > test_collision_loop_collision_full_cover :STARTED
	Run Test: res://Tests/test_mapCombat.gd > test_collision_loop_collision_full_cover :SKIPPED 0ms
	Report:
		line 1017: This test is skipped!
		  Reason: '"Not possible, raycast fails in testing"'
		

Project FPS: 21 (47.61 mspf)
	Run Test: res://Tests/test_mapCombat.gd > test_collision_loop_collision_partial_cover :STARTED
	Run Test: res://Tests/test_mapCombat.gd > test_collision_loop_collision_partial_cover :SKIPPED 0ms
	Report:
		line 1022: This test is skipped!
		  Reason: '"Not possible, raycast fails in testing"'
		

	Run Test: res://Tests/test_mapCombat.gd > test_collision_loop_collision_no_cover :STARTED
	Run Test: res://Tests/test_mapCombat.gd > test_collision_loop_collision_no_cover :SKIPPED 0ms
	Report:
		line 1055: This test is skipped!
		  Reason: '"Not possible, raycast fails in testing"'
		

	Run Test: res://Tests/test_mapCombat.gd > test_check_behind_cover :STARTED
	Run Test: res://Tests/test_mapCombat.gd > test_check_behind_cover :PASSED 105ms

	Run Test: res://Tests/test_mapCombat.gd > test_check_behind_cover_not :STARTED
	Run Test: res://Tests/test_mapCombat.gd > test_check_behind_cover_not :PASSED 95ms

	Run Test: res://Tests/test_mapCombat.gd > test__on_skill_selected_target_myself :STARTED
	Run Test: res://Tests/test_mapCombat.gd > test__on_skill_selected_target_myself :PASSED 119ms

	Run Test: res://Tests/test_mapCombat.gd > test__on_skill_selected_target_allies :STARTED
	Run Test: res://Tests/test_mapCombat.gd > test__on_skill_selected_target_allies :PASSED 186ms

	Run Test: res://Tests/test_mapCombat.gd > test__on_skill_selected_target_enemies :STARTED
USER ERROR: Resource file not found: res:// (expected type: )
   at: _load (core/io/resource_loader.cpp:288)
USER ERROR: Resource file not found: res:// (expected type: )
   at: _load (core/io/resource_loader.cpp:288)
USER ERROR: Nonexistent signal: combat_start.
   at: is_connected (core/object/object.cpp:1441)
USER ERROR: Nonexistent signal: close.
   at: is_connected (core/object/object.cpp:1441)
Project FPS: 18 (55.55 mspf)
	Run Test: res://Tests/test_mapCombat.gd > test__on_skill_selected_target_enemies :PASSED 130ms

	Run Test: res://Tests/test_mapCombat.gd > test_cast_skill_target_myself :STARTED
	Run Test: res://Tests/test_mapCombat.gd > test_cast_skill_target_myself :PASSED 115ms

	Run Test: res://Tests/test_mapCombat.gd > test_cast_skill_target_allies :STARTED
	Run Test: res://Tests/test_mapCombat.gd > test_cast_skill_target_allies :PASSED 233ms

	Run Test: res://Tests/test_mapCombat.gd > test_cast_skill_target_enemies :STARTED
	Run Test: res://Tests/test_mapCombat.gd > test_cast_skill_target_enemies :PASSED 117ms

	Run Test: res://Tests/test_mapCombat.gd > test_allied_skill_handler :STARTED
	Run Test: res://Tests/test_mapCombat.gd > test_allied_skill_handler :PASSED 188ms

	Run Test: res://Tests/test_mapCombat.gd > test__on_end_turn_button_pressed :STARTED
Project FPS: 15 (66.66 mspf)
	Run Test: res://Tests/test_mapCombat.gd > test__on_end_turn_button_pressed :PASSED 118ms

	Run Test: res://Tests/test_mapCombat.gd > test_update_buttons_abled :STARTED
	Run Test: res://Tests/test_mapCombat.gd > test_update_buttons_abled :PASSED 126ms

	Run Test: res://Tests/test_mapCombat.gd > test_update_buttons_disabled_hasMoved :STARTED
	Run Test: res://Tests/test_mapCombat.gd > test_update_buttons_disabled_hasMoved :PASSED 132ms

	Run Test: res://Tests/test_mapCombat.gd > test_update_buttons_disabled_isEnemy :STARTED
	Run Test: res://Tests/test_mapCombat.gd > test_update_buttons_disabled_isEnemy :PASSED 116ms

	Run Test: res://Tests/test_mapCombat.gd > test_update_buttons_disabled_disableUI :STARTED
	Run Test: res://Tests/test_mapCombat.gd > test_update_buttons_disabled_disableUI :PASSED 122ms

	Run Test: res://Tests/test_mapCombat.gd > test_update_buttons_disabled_null_selected_maptile :STARTED
	Run Test: res://Tests/test_mapCombat.gd > test_update_buttons_disabled_null_selected_maptile :PASSED 128ms

	Run Test: res://Tests/test_mapCombat.gd > test_update_buttons_disabled_hasAttacked :STARTED
Project FPS: 18 (55.55 mspf)
	Run Test: res://Tests/test_mapCombat.gd > test_update_buttons_disabled_hasAttacked :PASSED 130ms

	Run Test: res://Tests/test_mapCombat.gd > test_update_buttons_disabled_null_selected_enemy :STARTED
	Run Test: res://Tests/test_mapCombat.gd > test_update_buttons_disabled_null_selected_enemy :PASSED 121ms

	Run Test: res://Tests/test_mapCombat.gd > test_update_buttons_disabled_no_skills :STARTED
	Run Test: res://Tests/test_mapCombat.gd > test_update_buttons_disabled_no_skills :PASSED 137ms

	Run Test: res://Tests/test_mapCombat.gd > test_update_buttons_disabled :STARTED
	Run Test: res://Tests/test_mapCombat.gd > test_update_buttons_disabled :PASSED 127ms

	Run Test: res://Tests/test_mapCombat.gd > test_update_move_button_ok :STARTED
	Run Test: res://Tests/test_mapCombat.gd > test_update_move_button_ok :PASSED 115ms

	Run Test: res://Tests/test_mapCombat.gd > test_update_move_button_ally_hasMoved :STARTED
	Run Test: res://Tests/test_mapCombat.gd > test_update_move_button_ally_hasMoved :PASSED 94ms

	Run Test: res://Tests/test_mapCombat.gd > test_update_move_button_enemy_turn :STARTED
Project FPS: 18 (55.55 mspf)
	Run Test: res://Tests/test_mapCombat.gd > test_update_move_button_enemy_turn :PASSED 123ms

	Run Test: res://Tests/test_mapCombat.gd > test_update_move_button_disableUI :STARTED
	Run Test: res://Tests/test_mapCombat.gd > test_update_move_button_disableUI :PASSED 95ms

	Run Test: res://Tests/test_mapCombat.gd > test_update_move_button_not_selected_maptile :STARTED
	Run Test: res://Tests/test_mapCombat.gd > test_update_move_button_not_selected_maptile :PASSED 125ms

	Run Test: res://Tests/test_mapCombat.gd > test_update_phys_attack_button_after_attack :STARTED
	Run Test: res://Tests/test_mapCombat.gd > test_update_phys_attack_button_after_attack :PASSED 95ms

	Run Test: res://Tests/test_mapCombat.gd > test_update_phys_attack_button_is_enemy :STARTED
	Run Test: res://Tests/test_mapCombat.gd > test_update_phys_attack_button_is_enemy :PASSED 113ms

	Run Test: res://Tests/test_mapCombat.gd > test_update_phys_attack_button_disableUI :STARTED
	Run Test: res://Tests/test_mapCombat.gd > test_update_phys_attack_button_disableUI :PASSED 96ms

	Run Test: res://Tests/test_mapCombat.gd > test_update_phys_attack_button_no_selected_enemy :STARTED
	Run Test: res://Tests/test_mapCombat.gd > test_update_phys_attack_button_no_selected_enemy :PASSED 108ms

	Run Test: res://Tests/test_mapCombat.gd > test_update_phys_attack_button_enemy_at_range :STARTED
Project FPS: 21 (47.61 mspf)
	Run Test: res://Tests/test_mapCombat.gd > test_update_phys_attack_button_enemy_at_range :PASSED 123ms

	Run Test: res://Tests/test_mapCombat.gd > test_update_phys_attack_button_disabled :STARTED
	Run Test: res://Tests/test_mapCombat.gd > test_update_phys_attack_button_disabled :PASSED 124ms

	Run Test: res://Tests/test_mapCombat.gd > test_update_skill_menu_button_after_attack :STARTED
	Run Test: res://Tests/test_mapCombat.gd > test_update_skill_menu_button_after_attack :PASSED 116ms

	Run Test: res://Tests/test_mapCombat.gd > test_update_skill_menu_button_is_enemy :STARTED
	Run Test: res://Tests/test_mapCombat.gd > test_update_skill_menu_button_is_enemy :PASSED 95ms

	Run Test: res://Tests/test_mapCombat.gd > test_update_skill_menu_button_disableUI :STARTED
	Run Test: res://Tests/test_mapCombat.gd > test_update_skill_menu_button_disableUI :PASSED 95ms

	Run Test: res://Tests/test_mapCombat.gd > test_update_skill_menu_button_character_has_no_skills :STARTED
	Run Test: res://Tests/test_mapCombat.gd > test_update_skill_menu_button_character_has_no_skills :PASSED 115ms

	Run Test: res://Tests/test_mapCombat.gd > test_update_skill_menu_button_skills_availables :STARTED
	Run Test: res://Tests/test_mapCombat.gd > test_update_skill_menu_button_skills_availables :PASSED 93ms

	Run Test: res://Tests/test_mapCombat.gd > test_handle_skill_info_no_skill_hover :STARTED
Project FPS: 20 (50.00 mspf)
	Run Test: res://Tests/test_mapCombat.gd > test_handle_skill_info_no_skill_hover :PASSED 105ms

	Run Test: res://Tests/test_mapCombat.gd > test_handle_skill_info_skill_hover :STARTED
	Run Test: res://Tests/test_mapCombat.gd > test_handle_skill_info_skill_hover :PASSED 136ms

	Run Test: res://Tests/test_mapCombat.gd > test_update_end_turn_button_is_player :STARTED
	Run Test: res://Tests/test_mapCombat.gd > test_update_end_turn_button_is_player :PASSED 95ms

	Run Test: res://Tests/test_mapCombat.gd > test_update_end_turn_button_is_enemy :STARTED
	Run Test: res://Tests/test_mapCombat.gd > test_update_end_turn_button_is_enemy :PASSED 96ms

	Run Test: res://Tests/test_mapCombat.gd > test_update_end_turn_button_disableUI :STARTED
	Run Test: res://Tests/test_mapCombat.gd > test_update_end_turn_button_disableUI :PASSED 96ms

	Run Test: res://Tests/test_mapCombat.gd > test_update_global_button_ok :STARTED
	Run Test: res://Tests/test_mapCombat.gd > test_update_global_button_ok :PASSED 96ms

	Run Test: res://Tests/test_mapCombat.gd > test_update_global_button_isEnemy :STARTED
	Run Test: res://Tests/test_mapCombat.gd > test_update_global_button_isEnemy :PASSED 98ms

	Run Test: res://Tests/test_mapCombat.gd > test_update_global_button_disableUI :STARTED
Project FPS: 21 (47.61 mspf)
	Run Test: res://Tests/test_mapCombat.gd > test_update_global_button_disableUI :PASSED 108ms

	Run Test: res://Tests/test_mapCombat.gd > test_highlight_movement :STARTED
	Run Test: res://Tests/test_mapCombat.gd > test_highlight_movement :SKIPPED 0ms
	Report:
		line 1724: This test is skipped!
		  Reason: '"Test is giving false negatives"'
		

	Run Test: res://Tests/test_mapCombat.gd > test_highlight_control_zones :STARTED
	Run Test: res://Tests/test_mapCombat.gd > test_highlight_control_zones :SKIPPED 0ms
	Report:
		line 1751: This test is skipped!
		  Reason: '"Test is giving false negatives"'
		

	Run Test: res://Tests/test_mapCombat.gd > test_check_within_bounds_ok :STARTED
	Run Test: res://Tests/test_mapCombat.gd > test_check_within_bounds_ok :PASSED 97ms

	Run Test: res://Tests/test_mapCombat.gd > test_check_within_bounds_out_of_bounds :STARTED
	Run Test: res://Tests/test_mapCombat.gd > test_check_within_bounds_out_of_bounds :PASSED 96ms

	Run Test: res://Tests/test_mapCombat.gd > test_check_within_bounds_enemy_tile :STARTED
	Run Test: res://Tests/test_mapCombat.gd > test_check_within_bounds_enemy_tile :PASSED 95ms

	Run Test: res://Tests/test_mapCombat.gd > test_remove_highlights :STARTED
	Run Test: res://Tests/test_mapCombat.gd > test_remove_highlights :PASSED 104ms

	Run Test: res://Tests/test_mapCombat.gd > test_remove_control_zones :STARTED
	Run Test: res://Tests/test_mapCombat.gd > test_remove_control_zones :SKIPPED 0ms
	Report:
		line 1834: This test is skipped!
		  Reason: '"Test is giving false negatives"'
		

Project FPS: 20 (50.00 mspf)
	Run Test: res://Tests/test_mapCombat.gd > test_remove_selected :STARTED
	Run Test: res://Tests/test_mapCombat.gd > test_remove_selected :SKIPPED 0ms
	Report:
		line 1849: This test is skipped!
		  Reason: '"Test is giving false negatives"'
		

	Run Test: res://Tests/test_mapCombat.gd > test_remove_char_highlights :STARTED
	Run Test: res://Tests/test_mapCombat.gd > test_remove_char_highlights :SKIPPED 0ms
	Report:
		line 1863: This test is skipped!
		  Reason: '"Test is giving false negatives"'
		

	Run Test: res://Tests/test_mapCombat.gd > test_remove_ally_highlights :STARTED
	Run Test: res://Tests/test_mapCombat.gd > test_remove_ally_highlights :SKIPPED 0ms
	Report:
		line 1876: This test is skipped!
		  Reason: '"Test is giving false negatives"'
		

	Run Test: res://Tests/test_mapCombat.gd > test_remove_enemy_highlights :STARTED
	Run Test: res://Tests/test_mapCombat.gd > test_remove_enemy_highlights :SKIPPED 0ms
	Report:
		line 1889: This test is skipped!
		  Reason: '"Test is giving false negatives"'
		


PASSED 20s 620ms
Statistics: | 206 tests cases | 0 error | 0 failed | 2 flaky | 19 skipped | 0 orphans |

Run Test Suite res://Tests/test_prueba.gd 
	Run Test: res://Tests/test_prueba.gd > test_positive_1 :STARTED
	Run Test: res://Tests/test_prueba.gd > test_positive_1 :PASSED 91ms

	Run Test: res://Tests/test_prueba.gd > test_negative_1 :STARTED
	Run Test: res://Tests/test_prueba.gd > test_negative_1 :PASSED 57ms


PASSED 244ms
Statistics: | 208 tests cases | 0 error | 0 failed | 2 flaky | 19 skipped | 0 orphans |

Run Test Suite res://Tests/test_skills.gd 
	Run Test: res://Tests/test_skills.gd > test_not_null :STARTED
	Run Test: res://Tests/test_skills.gd > test_not_null :PASSED 91ms

	Run Test: res://Tests/test_skills.gd > test_combat_round_shadow_ball :STARTED
turbohit found -16
	Run Test: res://Tests/test_skills.gd > test_combat_round_shadow_ball :PASSED 66ms

	Run Test: res://Tests/test_skills.gd > test_combat_round_flaming_daggers :STARTED
	Run Test: res://Tests/test_skills.gd > test_combat_round_flaming_daggers :PASSED 57ms

	Run Test: res://Tests/test_skills.gd > test_combat_round_nero_nero :STARTED
turbohit found -20
Project FPS: 28 (35.71 mspf)
	Run Test: res://Tests/test_skills.gd > test_combat_round_nero_nero :PASSED 66ms

	Run Test: res://Tests/test_skills.gd > test_combat_round_boost1 :STARTED
	Run Test: res://Tests/test_skills.gd > test_combat_round_boost1 :PASSED 56ms

	Run Test: res://Tests/test_skills.gd > test_combat_round_boost1_acc_crit :STARTED
	Run Test: res://Tests/test_skills.gd > test_combat_round_boost1_acc_crit :PASSED 55ms

	Run Test: res://Tests/test_skills.gd > test_combat_round_boost1_miss :STARTED
	Run Test: res://Tests/test_skills.gd > test_combat_round_boost1_miss :PASSED 56ms

	Run Test: res://Tests/test_skills.gd > test_combat_round_boost1_not_crit :STARTED
	Run Test: res://Tests/test_skills.gd > test_combat_round_boost1_not_crit :PASSED 58ms

	Run Test: res://Tests/test_skills.gd > test_combat_round_boost2 :STARTED
	Run Test: res://Tests/test_skills.gd > test_combat_round_boost2 :PASSED 55ms

	Run Test: res://Tests/test_skills.gd > test_combat_round_boost2_acc_crit :STARTED
	Run Test: res://Tests/test_skills.gd > test_combat_round_boost2_acc_crit :PASSED 59ms

	Run Test: res://Tests/test_skills.gd > test_combat_round_boost2_miss :STARTED
	Run Test: res://Tests/test_skills.gd > test_combat_round_boost2_miss :PASSED 57ms

	Run Test: res://Tests/test_skills.gd > test_combat_round_boost2_not_crit :STARTED
	Run Test: res://Tests/test_skills.gd > test_combat_round_boost2_not_crit :PASSED 57ms

	Run Test: res://Tests/test_skills.gd > test_combat_round_anchoring_strike :STARTED
	Run Test: res://Tests/test_skills.gd > test_combat_round_anchoring_strike :PASSED 58ms

	Run Test: res://Tests/test_skills.gd > test_combat_round_anchoring_strike_miss :STARTED
Project FPS: 30 (33.33 mspf)
	Run Test: res://Tests/test_skills.gd > test_combat_round_anchoring_strike_miss :PASSED 66ms

	Run Test: res://Tests/test_skills.gd > test_combat_round_anchoring_strike_dead_target :STARTED
	Run Test: res://Tests/test_skills.gd > test_combat_round_anchoring_strike_dead_target :PASSED 55ms

	Run Test: res://Tests/test_skills.gd > test_combat_round_bestow_life_myself :STARTED
	Run Test: res://Tests/test_skills.gd > test_combat_round_bestow_life_myself :PASSED 59ms

	Run Test: res://Tests/test_skills.gd > test_combat_round_bestow_life_ally :STARTED
	Run Test: res://Tests/test_skills.gd > test_combat_round_bestow_life_ally :PASSED 58ms

	Run Test: res://Tests/test_skills.gd > test_combat_round_bestow_life_limited_threshold :STARTED
	Run Test: res://Tests/test_skills.gd > test_combat_round_bestow_life_limited_threshold :PASSED 57ms

	Run Test: res://Tests/test_skills.gd > test_combat_round_bestow_life_no_threshold :STARTED
	Run Test: res://Tests/test_skills.gd > test_combat_round_bestow_life_no_threshold :PASSED 57ms

	Run Test: res://Tests/test_skills.gd > test_combat_round_creators_touch_myself :STARTED
	Run Test: res://Tests/test_skills.gd > test_combat_round_creators_touch_myself :PASSED 57ms

	Run Test: res://Tests/test_skills.gd > test_combat_round_creators_touch_ally :STARTED
	Run Test: res://Tests/test_skills.gd > test_combat_round_creators_touch_ally :PASSED 58ms

	Run Test: res://Tests/test_skills.gd > test_combat_round_creators_touch_limited_threshold :STARTED
	Run Test: res://Tests/test_skills.gd > test_combat_round_creators_touch_limited_threshold :PASSED 58ms

	Run Test: res://Tests/test_skills.gd > test_combat_round_creators_touch_no_threshold :STARTED
	Run Test: res://Tests/test_skills.gd > test_combat_round_creators_touch_no_threshold :PASSED 58ms

	Run Test: res://Tests/test_skills.gd > test_combat_round_mend_flesh_myself :STARTED
Project FPS: 30 (33.33 mspf)
	Run Test: res://Tests/test_skills.gd > test_combat_round_mend_flesh_myself :PASSED 68ms

	Run Test: res://Tests/test_skills.gd > test_combat_round_mend_flesh_ally :STARTED
	Run Test: res://Tests/test_skills.gd > test_combat_round_mend_flesh_ally :PASSED 57ms

	Run Test: res://Tests/test_skills.gd > test_combat_round_mend_flesh_limited_threshold :STARTED
	Run Test: res://Tests/test_skills.gd > test_combat_round_mend_flesh_limited_threshold :PASSED 58ms

	Run Test: res://Tests/test_skills.gd > test_combat_round_mend_flesh_no_threshold :STARTED
	Run Test: res://Tests/test_skills.gd > test_combat_round_mend_flesh_no_threshold :PASSED 58ms


PASSED 2s 742ms
Statistics: | 235 tests cases | 0 error | 0 failed | 2 flaky | 19 skipped | 0 orphans |

Run Test Suite res://Tests/test_tavern.gd 
	Run Test: res://Tests/test_tavern.gd > test_not_null :STARTED
	Run Test: res://Tests/test_tavern.gd > test_not_null :WARNING 241ms
	Report:
		line 54: WARNING:
		 Detected <12> orphan nodes during test setup! Check before_test() and after_test()!

	Run Test: res://Tests/test_tavern.gd > test__on_start_turn :STARTED
	Run Test: res://Tests/test_tavern.gd > test__on_start_turn :WARNING 222ms
	Report:
		line 61: WARNING:
		 Detected <12> orphan nodes during test setup! Check before_test() and after_test()!

	Run Test: res://Tests/test_tavern.gd > test_start_map_combat :STARTED
Project FPS: 20 (50.00 mspf)
	Run Test: res://Tests/test_tavern.gd > test_start_map_combat :WARNING 231ms
	Report:
		line 71: WARNING:
		 Detected <12> orphan nodes during test setup! Check before_test() and after_test()!

	Run Test: res://Tests/test_tavern.gd > test__on_combat_start :STARTED
	Run Test: res://Tests/test_tavern.gd > test__on_combat_start :WARNING 250ms
	Report:
		line 81: WARNING:
		 Detected <12> orphan nodes during test setup! Check before_test() and after_test()!

	Run Test: res://Tests/test_tavern.gd > test__on_combat_end :STARTED
USER ERROR: Resource file not found: res:// (expected type: )
   at: _load (core/io/resource_loader.cpp:288)
	Run Test: res://Tests/test_tavern.gd > test__on_combat_end :FAILED 255ms
	Report:
		line 96: WARNING:
		 Detected <12> orphan nodes during test setup! Check before_test() and after_test()!
	Report:
		line 108: Expecting: 'true' but is 'false'

	Run Test: res://Tests/test_tavern.gd > test__on_combat_end :STARTED
Project FPS: 9 (111.11 mspf)
	Run Test: res://Tests/test_tavern.gd > test__on_combat_end :WARNING 292ms
	Report:
		line 96: WARNING:
		 Detected <12> orphan nodes during test setup! Check before_test() and after_test()!


WARNING 1s 702ms
Statistics: | 240 tests cases | 0 error | 0 failed | 3 flaky | 19 skipped | 60 orphans |

Executed test suites: (8/8)
Executed test cases: (221/240), 19 skipped
Total time:        2min 28s 320ms
Open Report at: file://C:/Games/Godot/Workspace/Project_FETEn/reports/report_7/index.html
Exit code: 101
Finallize .. done
USER WARNING: ObjectDB instances leaked at exit (run with --verbose for details).
   at: cleanup (core/object/object.cpp:2284)
USER ERROR: 1 resources still in use at exit (run with --verbose for details).
   at: clear (core/io/resource.cpp:604)
</pre>
	</div>
</body>
</html>
